<?xml version="1.0" encoding="UTF-8"?>
<!-- Generated by org.testng.reporters.JUnitReportReporter -->
<testsuite hostname="DESKTOP-6IU7ES5" failures="0" tests="1" name="com.github.passmesomesugar.tests.url.MainPageURLTest" time="0.750" errors="0" timestamp="2021-10-06T17:56:08 ALMT" skipped="0">
  <testcase classname="com.github.passmesomesugar.tests.url.MainPageURLTest" name="openMainPageAndCheckURL" time="0.750"/>
  <system-out/>
</testsuite> <!-- com.github.passmesomesugar.tests.url.MainPageURLTest -->
